{
  "stats": {
    "suites": 13,
    "tests": 37,
    "passes": 37,
    "pending": 0,
    "failures": 0,
    "start": "2026-07-01T04:36:29.134Z",
    "end": "2026-07-01T04:36:29.268Z",
    "duration": 134,
    "testsRegistered": 37,
    "passPercent": 100,
    "pendingPercent": 0,
    "other": 0,
    "hasOther": false,
    "skipped": 0,
    "hasSkipped": false
  },
  "results": [
    {
      "uuid": "d4548c60-f096-4548-84a2-f4898a72c7c8",
      "title": "",
      "fullFile": "",
      "file": "",
      "beforeHooks": [],
      "afterHooks": [],
      "tests": [],
      "suites": [
        {
          "uuid": "05777f61-bfd3-463d-bcc7-82b53d06509c",
          "title": "Express App",
          "fullFile": "/Users/sai/Desktop/qa-training-demo/test/app.test.js",
          "file": "/test/app.test.js",
          "beforeHooks": [],
          "afterHooks": [],
          "tests": [],
          "suites": [
            {
              "uuid": "9666500a-b6b8-4858-88f5-85b169914444",
              "title": "Middleware Setup",
              "fullFile": "/Users/sai/Desktop/qa-training-demo/test/app.test.js",
              "file": "/test/app.test.js",
              "beforeHooks": [],
              "afterHooks": [],
              "tests": [
                {
                  "title": "should parse JSON requests",
                  "fullTitle": "Express App Middleware Setup should parse JSON requests",
                  "timedOut": false,
                  "duration": 68,
                  "state": "passed",
                  "speed": "medium",
                  "pass": true,
                  "fail": false,
                  "pending": false,
                  "context": null,
                  "code": "const res = await request(app)\n  .post('/')\n  .send({ name: 'John' })\n  .expect(404);\nexpect(res.body).to.exist;",
                  "err": {},
                  "uuid": "cc5181ee-f786-4cdf-b860-19b9dbcabeaa",
                  "parentUUID": "9666500a-b6b8-4858-88f5-85b169914444",
                  "isHook": false,
                  "skipped": false
                },
                {
                  "title": "should parse URL-encoded bodies",
                  "fullTitle": "Express App Middleware Setup should parse URL-encoded bodies",
                  "timedOut": false,
                  "duration": 4,
                  "state": "passed",
                  "speed": "fast",
                  "pass": true,
                  "fail": false,
                  "pending": false,
                  "context": null,
                  "code": "const res = await request(app)\n  .post('/')\n  .type('form')\n  .send('name=John')\n  .expect(404);\nexpect(res.body).to.exist;",
                  "err": {},
                  "uuid": "8b9c4783-c86a-415a-8943-fb675069e503",
                  "parentUUID": "9666500a-b6b8-4858-88f5-85b169914444",
                  "isHook": false,
                  "skipped": false
                },
                {
                  "title": "should handle cookies",
                  "fullTitle": "Express App Middleware Setup should handle cookies",
                  "timedOut": false,
                  "duration": 3,
                  "state": "passed",
                  "speed": "fast",
                  "pass": true,
                  "fail": false,
                  "pending": false,
                  "context": null,
                  "code": "await request(app)\n  .get('/')\n  .set('Cookie', 'testcookie=testvalue')\n  .expect(200);",
                  "err": {},
                  "uuid": "7093eed7-2408-4917-aefa-c2fd954ac661",
                  "parentUUID": "9666500a-b6b8-4858-88f5-85b169914444",
                  "isHook": false,
                  "skipped": false
                },
                {
                  "title": "should serve static files from public directory",
                  "fullTitle": "Express App Middleware Setup should serve static files from public directory",
                  "timedOut": false,
                  "duration": 2,
                  "state": "passed",
                  "speed": "fast",
                  "pass": true,
                  "fail": false,
                  "pending": false,
                  "context": null,
                  "code": "const res = await request(app)\n  .get('/stylesheets/style.css')\n  .expect(200);\nexpect(res.type).to.include('text/css');",
                  "err": {},
                  "uuid": "f8b6c368-0d21-4429-9798-cbe0504660b3",
                  "parentUUID": "9666500a-b6b8-4858-88f5-85b169914444",
                  "isHook": false,
                  "skipped": false
                }
              ],
              "suites": [],
              "passes": [
                "cc5181ee-f786-4cdf-b860-19b9dbcabeaa",
                "8b9c4783-c86a-415a-8943-fb675069e503",
                "7093eed7-2408-4917-aefa-c2fd954ac661",
                "f8b6c368-0d21-4429-9798-cbe0504660b3"
              ],
              "failures": [],
              "pending": [],
              "skipped": [],
              "duration": 77,
              "root": false,
              "rootEmpty": false,
              "_timeout": 5000
            },
            {
              "uuid": "48c38f43-87e0-493c-b672-358a574e801d",
              "title": "Routing",
              "fullFile": "/Users/sai/Desktop/qa-training-demo/test/app.test.js",
              "file": "/test/app.test.js",
              "beforeHooks": [],
              "afterHooks": [],
              "tests": [
                {
                  "title": "GET / should return 200",
                  "fullTitle": "Express App Routing GET / should return 200",
                  "timedOut": false,
                  "duration": 3,
                  "state": "passed",
                  "speed": "fast",
                  "pass": true,
                  "fail": false,
                  "pending": false,
                  "context": null,
                  "code": "const res = await request(app)\n  .get('/')\n  .expect(200);\nexpect(res.text).to.exist;",
                  "err": {},
                  "uuid": "6fef5fb2-b42a-4f3a-ab69-239acf01a967",
                  "parentUUID": "48c38f43-87e0-493c-b672-358a574e801d",
                  "isHook": false,
                  "skipped": false
                },
                {
                  "title": "GET /users should return 200",
                  "fullTitle": "Express App Routing GET /users should return 200",
                  "timedOut": false,
                  "duration": 1,
                  "state": "passed",
                  "speed": "fast",
                  "pass": true,
                  "fail": false,
                  "pending": false,
                  "context": null,
                  "code": "const res = await request(app)\n  .get('/users')\n  .expect(200);\nexpect(res.text).to.exist;",
                  "err": {},
                  "uuid": "b3e354bf-4f17-4d65-9804-f9ed6ac23c1e",
                  "parentUUID": "48c38f43-87e0-493c-b672-358a574e801d",
                  "isHook": false,
                  "skipped": false
                },
                {
                  "title": "GET /users should have resource response",
                  "fullTitle": "Express App Routing GET /users should have resource response",
                  "timedOut": false,
                  "duration": 1,
                  "state": "passed",
                  "speed": "fast",
                  "pass": true,
                  "fail": false,
                  "pending": false,
                  "context": null,
                  "code": "const res = await request(app)\n  .get('/users')\n  .expect(200);\nexpect(res.text).to.include('resource');",
                  "err": {},
                  "uuid": "1553ce1f-49f4-4fb0-941d-3094ebe3d4c7",
                  "parentUUID": "48c38f43-87e0-493c-b672-358a574e801d",
                  "isHook": false,
                  "skipped": false
                }
              ],
              "suites": [],
              "passes": [
                "6fef5fb2-b42a-4f3a-ab69-239acf01a967",
                "b3e354bf-4f17-4d65-9804-f9ed6ac23c1e",
                "1553ce1f-49f4-4fb0-941d-3094ebe3d4c7"
              ],
              "failures": [],
              "pending": [],
              "skipped": [],
              "duration": 5,
              "root": false,
              "rootEmpty": false,
              "_timeout": 5000
            },
            {
              "uuid": "51647685-7179-4c8f-8c9b-bd748090d5d7",
              "title": "Error Handling",
              "fullFile": "/Users/sai/Desktop/qa-training-demo/test/app.test.js",
              "file": "/test/app.test.js",
              "beforeHooks": [],
              "afterHooks": [],
              "tests": [
                {
                  "title": "should return 404 for undefined routes",
                  "fullTitle": "Express App Error Handling should return 404 for undefined routes",
                  "timedOut": false,
                  "duration": 2,
                  "state": "passed",
                  "speed": "fast",
                  "pass": true,
                  "fail": false,
                  "pending": false,
                  "context": null,
                  "code": "const res = await request(app)\n  .get('/nonexistent-route')\n  .expect(404);\nexpect(res.text).to.exist;",
                  "err": {},
                  "uuid": "7cb86761-b3fb-43b9-905f-989179d72f15",
                  "parentUUID": "51647685-7179-4c8f-8c9b-bd748090d5d7",
                  "isHook": false,
                  "skipped": false
                },
                {
                  "title": "should render error page for 404s",
                  "fullTitle": "Express App Error Handling should render error page for 404s",
                  "timedOut": false,
                  "duration": 5,
                  "state": "passed",
                  "speed": "fast",
                  "pass": true,
                  "fail": false,
                  "pending": false,
                  "context": null,
                  "code": "const res = await request(app)\n  .get('/nonexistent')\n  .expect(404);\nexpect(res.type).to.include('text/html');",
                  "err": {},
                  "uuid": "28eb2f03-8a7a-48aa-bdf3-0e5da546668d",
                  "parentUUID": "51647685-7179-4c8f-8c9b-bd748090d5d7",
                  "isHook": false,
                  "skipped": false
                },
                {
                  "title": "should have error object in development mode",
                  "fullTitle": "Express App Error Handling should have error object in development mode",
                  "timedOut": false,
                  "duration": 2,
                  "state": "passed",
                  "speed": "fast",
                  "pass": true,
                  "fail": false,
                  "pending": false,
                  "context": null,
                  "code": "const res = await request(app)\n  .get('/badroute')\n  .expect(404);\nexpect(res.text).to.include('NotFound');",
                  "err": {},
                  "uuid": "0dacd683-3ccb-480a-872e-7e7d2bf57d8c",
                  "parentUUID": "51647685-7179-4c8f-8c9b-bd748090d5d7",
                  "isHook": false,
                  "skipped": false
                }
              ],
              "suites": [],
              "passes": [
                "7cb86761-b3fb-43b9-905f-989179d72f15",
                "28eb2f03-8a7a-48aa-bdf3-0e5da546668d",
                "0dacd683-3ccb-480a-872e-7e7d2bf57d8c"
              ],
              "failures": [],
              "pending": [],
              "skipped": [],
              "duration": 9,
              "root": false,
              "rootEmpty": false,
              "_timeout": 5000
            },
            {
              "uuid": "27d1f9b6-b876-4175-a185-d8d9ff3413ab",
              "title": "Security Headers",
              "fullFile": "/Users/sai/Desktop/qa-training-demo/test/app.test.js",
              "file": "/test/app.test.js",
              "beforeHooks": [],
              "afterHooks": [],
              "tests": [
                {
                  "title": "should include basic security headers",
                  "fullTitle": "Express App Security Headers should include basic security headers",
                  "timedOut": false,
                  "duration": 2,
                  "state": "passed",
                  "speed": "fast",
                  "pass": true,
                  "fail": false,
                  "pending": false,
                  "context": null,
                  "code": "const res = await request(app)\n  .get('/')\n  .expect(200);\nexpect(res.headers).to.exist;",
                  "err": {},
                  "uuid": "26b049b0-0c20-4843-b0bb-d3bc2013fd6e",
                  "parentUUID": "27d1f9b6-b876-4175-a185-d8d9ff3413ab",
                  "isHook": false,
                  "skipped": false
                },
                {
                  "title": "should include x-powered-by header",
                  "fullTitle": "Express App Security Headers should include x-powered-by header",
                  "timedOut": false,
                  "duration": 2,
                  "state": "passed",
                  "speed": "fast",
                  "pass": true,
                  "fail": false,
                  "pending": false,
                  "context": null,
                  "code": "const res = await request(app)\n  .get('/')\n  .expect(200);\nexpect(res.headers['x-powered-by']).to.equal('Express');",
                  "err": {},
                  "uuid": "4a7e3ec0-69bc-40d0-9bab-8e7dee6a0fa0",
                  "parentUUID": "27d1f9b6-b876-4175-a185-d8d9ff3413ab",
                  "isHook": false,
                  "skipped": false
                }
              ],
              "suites": [],
              "passes": [
                "26b049b0-0c20-4843-b0bb-d3bc2013fd6e",
                "4a7e3ec0-69bc-40d0-9bab-8e7dee6a0fa0"
              ],
              "failures": [],
              "pending": [],
              "skipped": [],
              "duration": 4,
              "root": false,
              "rootEmpty": false,
              "_timeout": 5000
            },
            {
              "uuid": "dc7db703-6a57-4d84-9889-bd1300565ec1",
              "title": "HTTP Methods",
              "fullFile": "/Users/sai/Desktop/qa-training-demo/test/app.test.js",
              "file": "/test/app.test.js",
              "beforeHooks": [],
              "afterHooks": [],
              "tests": [
                {
                  "title": "should handle GET requests",
                  "fullTitle": "Express App HTTP Methods should handle GET requests",
                  "timedOut": false,
                  "duration": 1,
                  "state": "passed",
                  "speed": "fast",
                  "pass": true,
                  "fail": false,
                  "pending": false,
                  "context": null,
                  "code": "const res = await request(app)\n  .get('/')\n  .expect(200);\nexpect(res.status).to.equal(200);",
                  "err": {},
                  "uuid": "3273c30f-70e5-4563-8dc7-3d5e05e8c92e",
                  "parentUUID": "dc7db703-6a57-4d84-9889-bd1300565ec1",
                  "isHook": false,
                  "skipped": false
                },
                {
                  "title": "should handle POST requests to undefined routes",
                  "fullTitle": "Express App HTTP Methods should handle POST requests to undefined routes",
                  "timedOut": false,
                  "duration": 2,
                  "state": "passed",
                  "speed": "fast",
                  "pass": true,
                  "fail": false,
                  "pending": false,
                  "context": null,
                  "code": "const res = await request(app)\n  .post('/users')\n  .send({})\n  .expect(404);\nexpect(res.status).to.equal(404);",
                  "err": {},
                  "uuid": "7b2d8217-232a-44f8-8cc8-bfe71f30e588",
                  "parentUUID": "dc7db703-6a57-4d84-9889-bd1300565ec1",
                  "isHook": false,
                  "skipped": false
                },
                {
                  "title": "should handle OPTIONS requests",
                  "fullTitle": "Express App HTTP Methods should handle OPTIONS requests",
                  "timedOut": false,
                  "duration": 1,
                  "state": "passed",
                  "speed": "fast",
                  "pass": true,
                  "fail": false,
                  "pending": false,
                  "context": null,
                  "code": "const res = await request(app)\n  .options('/');\nexpect([200, 404]).to.include(res.status);",
                  "err": {},
                  "uuid": "830cbd6b-ed9c-49d3-ab8c-2d4979fbd2e0",
                  "parentUUID": "dc7db703-6a57-4d84-9889-bd1300565ec1",
                  "isHook": false,
                  "skipped": false
                }
              ],
              "suites": [],
              "passes": [
                "3273c30f-70e5-4563-8dc7-3d5e05e8c92e",
                "7b2d8217-232a-44f8-8cc8-bfe71f30e588",
                "830cbd6b-ed9c-49d3-ab8c-2d4979fbd2e0"
              ],
              "failures": [],
              "pending": [],
              "skipped": [],
              "duration": 4,
              "root": false,
              "rootEmpty": false,
              "_timeout": 5000
            },
            {
              "uuid": "77c120b8-af9f-4b41-8db2-2f3758dc74fa",
              "title": "Response Content-Type",
              "fullFile": "/Users/sai/Desktop/qa-training-demo/test/app.test.js",
              "file": "/test/app.test.js",
              "beforeHooks": [],
              "afterHooks": [],
              "tests": [
                {
                  "title": "should return HTML for root path",
                  "fullTitle": "Express App Response Content-Type should return HTML for root path",
                  "timedOut": false,
                  "duration": 1,
                  "state": "passed",
                  "speed": "fast",
                  "pass": true,
                  "fail": false,
                  "pending": false,
                  "context": null,
                  "code": "const res = await request(app)\n  .get('/')\n  .expect(200);\nexpect(res.type).to.include('text/html');",
                  "err": {},
                  "uuid": "3bf3a962-1ff5-4401-9750-468d44b4b7cd",
                  "parentUUID": "77c120b8-af9f-4b41-8db2-2f3758dc74fa",
                  "isHook": false,
                  "skipped": false
                },
                {
                  "title": "should return HTML for /users path",
                  "fullTitle": "Express App Response Content-Type should return HTML for /users path",
                  "timedOut": false,
                  "duration": 1,
                  "state": "passed",
                  "speed": "fast",
                  "pass": true,
                  "fail": false,
                  "pending": false,
                  "context": null,
                  "code": "const res = await request(app)\n  .get('/users')\n  .expect(200);\nexpect(res.type).to.include('text/html');",
                  "err": {},
                  "uuid": "4636bf6d-e488-4213-885b-e102fe8ef5ad",
                  "parentUUID": "77c120b8-af9f-4b41-8db2-2f3758dc74fa",
                  "isHook": false,
                  "skipped": false
                },
                {
                  "title": "should return HTML for 404 errors",
                  "fullTitle": "Express App Response Content-Type should return HTML for 404 errors",
                  "timedOut": false,
                  "duration": 2,
                  "state": "passed",
                  "speed": "fast",
                  "pass": true,
                  "fail": false,
                  "pending": false,
                  "context": null,
                  "code": "const res = await request(app)\n  .get('/invalid')\n  .expect(404);\nexpect(res.type).to.include('text/html');",
                  "err": {},
                  "uuid": "79e0c4dd-6227-4a47-8b3a-0d7166862d22",
                  "parentUUID": "77c120b8-af9f-4b41-8db2-2f3758dc74fa",
                  "isHook": false,
                  "skipped": false
                }
              ],
              "suites": [],
              "passes": [
                "3bf3a962-1ff5-4401-9750-468d44b4b7cd",
                "4636bf6d-e488-4213-885b-e102fe8ef5ad",
                "79e0c4dd-6227-4a47-8b3a-0d7166862d22"
              ],
              "failures": [],
              "pending": [],
              "skipped": [],
              "duration": 4,
              "root": false,
              "rootEmpty": false,
              "_timeout": 5000
            },
            {
              "uuid": "9451e756-4692-4ae6-8f91-5d5b75a39134",
              "title": "Request Handling",
              "fullFile": "/Users/sai/Desktop/qa-training-demo/test/app.test.js",
              "file": "/test/app.test.js",
              "beforeHooks": [],
              "afterHooks": [],
              "tests": [
                {
                  "title": "should handle requests with query parameters",
                  "fullTitle": "Express App Request Handling should handle requests with query parameters",
                  "timedOut": false,
                  "duration": 1,
                  "state": "passed",
                  "speed": "fast",
                  "pass": true,
                  "fail": false,
                  "pending": false,
                  "context": null,
                  "code": "const res = await request(app)\n  .get('/?test=value')\n  .expect(200);\nexpect(res.status).to.equal(200);",
                  "err": {},
                  "uuid": "c4765c93-1e72-4784-90c3-5afa901edd81",
                  "parentUUID": "9451e756-4692-4ae6-8f91-5d5b75a39134",
                  "isHook": false,
                  "skipped": false
                },
                {
                  "title": "should handle requests with various headers",
                  "fullTitle": "Express App Request Handling should handle requests with various headers",
                  "timedOut": false,
                  "duration": 1,
                  "state": "passed",
                  "speed": "fast",
                  "pass": true,
                  "fail": false,
                  "pending": false,
                  "context": null,
                  "code": "const res = await request(app)\n  .get('/')\n  .set('User-Agent', 'Test-Agent/1.0')\n  .set('Accept', 'text/html')\n  .expect(200);\nexpect(res.status).to.equal(200);",
                  "err": {},
                  "uuid": "6170ec06-d447-497e-aef4-1a88c4c39448",
                  "parentUUID": "9451e756-4692-4ae6-8f91-5d5b75a39134",
                  "isHook": false,
                  "skipped": false
                },
                {
                  "title": "should handle multiple requests sequentially",
                  "fullTitle": "Express App Request Handling should handle multiple requests sequentially",
                  "timedOut": false,
                  "duration": 4,
                  "state": "passed",
                  "speed": "fast",
                  "pass": true,
                  "fail": false,
                  "pending": false,
                  "context": null,
                  "code": "await request(app).get('/').expect(200);\nawait request(app).get('/users').expect(200);\nconst res = await request(app).get('/').expect(200);\nexpect(res.status).to.equal(200);",
                  "err": {},
                  "uuid": "b3cb009b-3756-434e-aefb-edaecc179459",
                  "parentUUID": "9451e756-4692-4ae6-8f91-5d5b75a39134",
                  "isHook": false,
                  "skipped": false
                }
              ],
              "suites": [],
              "passes": [
                "c4765c93-1e72-4784-90c3-5afa901edd81",
                "6170ec06-d447-497e-aef4-1a88c4c39448",
                "b3cb009b-3756-434e-aefb-edaecc179459"
              ],
              "failures": [],
              "pending": [],
              "skipped": [],
              "duration": 6,
              "root": false,
              "rootEmpty": false,
              "_timeout": 5000
            }
          ],
          "passes": [],
          "failures": [],
          "pending": [],
          "skipped": [],
          "duration": 0,
          "root": false,
          "rootEmpty": false,
          "_timeout": 5000
        },
        {
          "uuid": "1a2fd4bc-e551-442f-a776-54f7b0474b2b",
          "title": "Routes",
          "fullFile": "/Users/sai/Desktop/qa-training-demo/test/routes.test.js",
          "file": "/test/routes.test.js",
          "beforeHooks": [],
          "afterHooks": [],
          "tests": [],
          "suites": [
            {
              "uuid": "24ba53bb-7a42-4112-a613-4fb1fa480d6c",
              "title": "Index Router",
              "fullFile": "/Users/sai/Desktop/qa-training-demo/test/routes.test.js",
              "file": "/test/routes.test.js",
              "beforeHooks": [],
              "afterHooks": [],
              "tests": [
                {
                  "title": "GET / should render index page",
                  "fullTitle": "Routes Index Router GET / should render index page",
                  "timedOut": false,
                  "duration": 2,
                  "state": "passed",
                  "speed": "fast",
                  "pass": true,
                  "fail": false,
                  "pending": false,
                  "context": null,
                  "code": "const res = await request(app)\n  .get('/')\n  .expect(200);\nexpect(res.text).to.include('Express');",
                  "err": {},
                  "uuid": "456112b2-8da4-47bc-a58a-12e6a201e501",
                  "parentUUID": "24ba53bb-7a42-4112-a613-4fb1fa480d6c",
                  "isHook": false,
                  "skipped": false
                },
                {
                  "title": "GET / should have correct title",
                  "fullTitle": "Routes Index Router GET / should have correct title",
                  "timedOut": false,
                  "duration": 1,
                  "state": "passed",
                  "speed": "fast",
                  "pass": true,
                  "fail": false,
                  "pending": false,
                  "context": null,
                  "code": "const res = await request(app)\n  .get('/')\n  .expect(200);\nexpect(res.text).to.include('title');",
                  "err": {},
                  "uuid": "c4006fe6-b403-4154-804c-d8db5804650e",
                  "parentUUID": "24ba53bb-7a42-4112-a613-4fb1fa480d6c",
                  "isHook": false,
                  "skipped": false
                },
                {
                  "title": "GET / should return HTML response",
                  "fullTitle": "Routes Index Router GET / should return HTML response",
                  "timedOut": false,
                  "duration": 1,
                  "state": "passed",
                  "speed": "fast",
                  "pass": true,
                  "fail": false,
                  "pending": false,
                  "context": null,
                  "code": "const res = await request(app)\n  .get('/')\n  .expect(200);\nexpect(res.type).to.include('text/html');",
                  "err": {},
                  "uuid": "11fa5682-e9ce-450c-a98c-5ec313033294",
                  "parentUUID": "24ba53bb-7a42-4112-a613-4fb1fa480d6c",
                  "isHook": false,
                  "skipped": false
                },
                {
                  "title": "GET / should not return error status",
                  "fullTitle": "Routes Index Router GET / should not return error status",
                  "timedOut": false,
                  "duration": 2,
                  "state": "passed",
                  "speed": "fast",
                  "pass": true,
                  "fail": false,
                  "pending": false,
                  "context": null,
                  "code": "const res = await request(app)\n  .get('/')\n  .expect(200);\nexpect(res.status).to.equal(200);\nexpect(res.status).to.not.equal(500);",
                  "err": {},
                  "uuid": "ce0c78ff-0222-4958-a9bb-6686a4781d97",
                  "parentUUID": "24ba53bb-7a42-4112-a613-4fb1fa480d6c",
                  "isHook": false,
                  "skipped": false
                }
              ],
              "suites": [],
              "passes": [
                "456112b2-8da4-47bc-a58a-12e6a201e501",
                "c4006fe6-b403-4154-804c-d8db5804650e",
                "11fa5682-e9ce-450c-a98c-5ec313033294",
                "ce0c78ff-0222-4958-a9bb-6686a4781d97"
              ],
              "failures": [],
              "pending": [],
              "skipped": [],
              "duration": 6,
              "root": false,
              "rootEmpty": false,
              "_timeout": 5000
            },
            {
              "uuid": "7b121417-3d01-45ae-b688-c071fc95d47a",
              "title": "Users Router",
              "fullFile": "/Users/sai/Desktop/qa-training-demo/test/routes.test.js",
              "file": "/test/routes.test.js",
              "beforeHooks": [],
              "afterHooks": [],
              "tests": [
                {
                  "title": "GET /users should return 200",
                  "fullTitle": "Routes Users Router GET /users should return 200",
                  "timedOut": false,
                  "duration": 0,
                  "state": "passed",
                  "speed": "fast",
                  "pass": true,
                  "fail": false,
                  "pending": false,
                  "context": null,
                  "code": "const res = await request(app)\n  .get('/users')\n  .expect(200);\nexpect(res.status).to.equal(200);",
                  "err": {},
                  "uuid": "a7b6853b-822b-45d4-81fb-01506dd442ba",
                  "parentUUID": "7b121417-3d01-45ae-b688-c071fc95d47a",
                  "isHook": false,
                  "skipped": false
                },
                {
                  "title": "GET /users should return resource message",
                  "fullTitle": "Routes Users Router GET /users should return resource message",
                  "timedOut": false,
                  "duration": 0,
                  "state": "passed",
                  "speed": "fast",
                  "pass": true,
                  "fail": false,
                  "pending": false,
                  "context": null,
                  "code": "const res = await request(app)\n  .get('/users')\n  .expect(200);\nexpect(res.text).to.include('resource');",
                  "err": {},
                  "uuid": "77aab2ae-6e5c-419d-b5ac-a662701eb9a3",
                  "parentUUID": "7b121417-3d01-45ae-b688-c071fc95d47a",
                  "isHook": false,
                  "skipped": false
                },
                {
                  "title": "GET /users should return text/html response",
                  "fullTitle": "Routes Users Router GET /users should return text/html response",
                  "timedOut": false,
                  "duration": 1,
                  "state": "passed",
                  "speed": "fast",
                  "pass": true,
                  "fail": false,
                  "pending": false,
                  "context": null,
                  "code": "const res = await request(app)\n  .get('/users')\n  .expect(200);\nexpect(res.type).to.include('text/html');",
                  "err": {},
                  "uuid": "5d4003b6-449b-41ae-a67b-eaba063e142e",
                  "parentUUID": "7b121417-3d01-45ae-b688-c071fc95d47a",
                  "isHook": false,
                  "skipped": false
                },
                {
                  "title": "GET /users should respond with correct message",
                  "fullTitle": "Routes Users Router GET /users should respond with correct message",
                  "timedOut": false,
                  "duration": 0,
                  "state": "passed",
                  "speed": "fast",
                  "pass": true,
                  "fail": false,
                  "pending": false,
                  "context": null,
                  "code": "const res = await request(app)\n  .get('/users')\n  .expect(200);\nexpect(res.text).to.equal('respond with a resource');",
                  "err": {},
                  "uuid": "3aae1019-5036-4c84-b843-c81d791d2f71",
                  "parentUUID": "7b121417-3d01-45ae-b688-c071fc95d47a",
                  "isHook": false,
                  "skipped": false
                },
                {
                  "title": "POST /users should return 404",
                  "fullTitle": "Routes Users Router POST /users should return 404",
                  "timedOut": false,
                  "duration": 2,
                  "state": "passed",
                  "speed": "fast",
                  "pass": true,
                  "fail": false,
                  "pending": false,
                  "context": null,
                  "code": "await request(app)\n  .post('/users')\n  .send({})\n  .expect(404);",
                  "err": {},
                  "uuid": "3fb9898b-1ab5-40b8-87f2-c0f866cbfaea",
                  "parentUUID": "7b121417-3d01-45ae-b688-c071fc95d47a",
                  "isHook": false,
                  "skipped": false
                },
                {
                  "title": "DELETE /users should return 404",
                  "fullTitle": "Routes Users Router DELETE /users should return 404",
                  "timedOut": false,
                  "duration": 1,
                  "state": "passed",
                  "speed": "fast",
                  "pass": true,
                  "fail": false,
                  "pending": false,
                  "context": null,
                  "code": "await request(app)\n  .delete('/users')\n  .expect(404);",
                  "err": {},
                  "uuid": "d20b72fc-a7de-4387-82d2-33d10056db5b",
                  "parentUUID": "7b121417-3d01-45ae-b688-c071fc95d47a",
                  "isHook": false,
                  "skipped": false
                },
                {
                  "title": "PUT /users should return 404",
                  "fullTitle": "Routes Users Router PUT /users should return 404",
                  "timedOut": false,
                  "duration": 2,
                  "state": "passed",
                  "speed": "fast",
                  "pass": true,
                  "fail": false,
                  "pending": false,
                  "context": null,
                  "code": "await request(app)\n  .put('/users')\n  .expect(404);",
                  "err": {},
                  "uuid": "1a9b42c6-01ab-44d5-8786-f3cc2dba27b0",
                  "parentUUID": "7b121417-3d01-45ae-b688-c071fc95d47a",
                  "isHook": false,
                  "skipped": false
                }
              ],
              "suites": [],
              "passes": [
                "a7b6853b-822b-45d4-81fb-01506dd442ba",
                "77aab2ae-6e5c-419d-b5ac-a662701eb9a3",
                "5d4003b6-449b-41ae-a67b-eaba063e142e",
                "3aae1019-5036-4c84-b843-c81d791d2f71",
                "3fb9898b-1ab5-40b8-87f2-c0f866cbfaea",
                "d20b72fc-a7de-4387-82d2-33d10056db5b",
                "1a9b42c6-01ab-44d5-8786-f3cc2dba27b0"
              ],
              "failures": [],
              "pending": [],
              "skipped": [],
              "duration": 6,
              "root": false,
              "rootEmpty": false,
              "_timeout": 5000
            },
            {
              "uuid": "e0797632-8cd1-453d-8489-d3d04f39655a",
              "title": "Route Parameters",
              "fullFile": "/Users/sai/Desktop/qa-training-demo/test/routes.test.js",
              "file": "/test/routes.test.js",
              "beforeHooks": [],
              "afterHooks": [],
              "tests": [
                {
                  "title": "GET /users with query string should work",
                  "fullTitle": "Routes Route Parameters GET /users with query string should work",
                  "timedOut": false,
                  "duration": 1,
                  "state": "passed",
                  "speed": "fast",
                  "pass": true,
                  "fail": false,
                  "pending": false,
                  "context": null,
                  "code": "const res = await request(app)\n  .get('/users?filter=active')\n  .expect(200);\nexpect(res.status).to.equal(200);",
                  "err": {},
                  "uuid": "4df83887-d3e2-4ebf-9618-612eb330bf99",
                  "parentUUID": "e0797632-8cd1-453d-8489-d3d04f39655a",
                  "isHook": false,
                  "skipped": false
                },
                {
                  "title": "GET / with query string should work",
                  "fullTitle": "Routes Route Parameters GET / with query string should work",
                  "timedOut": false,
                  "duration": 1,
                  "state": "passed",
                  "speed": "fast",
                  "pass": true,
                  "fail": false,
                  "pending": false,
                  "context": null,
                  "code": "const res = await request(app)\n  .get('/?lang=en')\n  .expect(200);\nexpect(res.status).to.equal(200);",
                  "err": {},
                  "uuid": "8b6d7a84-e004-4199-a939-81dec24df40e",
                  "parentUUID": "e0797632-8cd1-453d-8489-d3d04f39655a",
                  "isHook": false,
                  "skipped": false
                }
              ],
              "suites": [],
              "passes": [
                "4df83887-d3e2-4ebf-9618-612eb330bf99",
                "8b6d7a84-e004-4199-a939-81dec24df40e"
              ],
              "failures": [],
              "pending": [],
              "skipped": [],
              "duration": 2,
              "root": false,
              "rootEmpty": false,
              "_timeout": 5000
            },
            {
              "uuid": "06ab0541-aa05-4e60-ac84-8f9a6c07c304",
              "title": "Route Not Found",
              "fullFile": "/Users/sai/Desktop/qa-training-demo/test/routes.test.js",
              "file": "/test/routes.test.js",
              "beforeHooks": [],
              "afterHooks": [],
              "tests": [
                {
                  "title": "GET /users/123 should return 404",
                  "fullTitle": "Routes Route Not Found GET /users/123 should return 404",
                  "timedOut": false,
                  "duration": 1,
                  "state": "passed",
                  "speed": "fast",
                  "pass": true,
                  "fail": false,
                  "pending": false,
                  "context": null,
                  "code": "await request(app)\n  .get('/users/123')\n  .expect(404);",
                  "err": {},
                  "uuid": "9abb9f86-d696-4401-9f79-b48229a69a25",
                  "parentUUID": "06ab0541-aa05-4e60-ac84-8f9a6c07c304",
                  "isHook": false,
                  "skipped": false
                },
                {
                  "title": "GET /api/data should return 404",
                  "fullTitle": "Routes Route Not Found GET /api/data should return 404",
                  "timedOut": false,
                  "duration": 1,
                  "state": "passed",
                  "speed": "fast",
                  "pass": true,
                  "fail": false,
                  "pending": false,
                  "context": null,
                  "code": "await request(app)\n  .get('/api/data')\n  .expect(404);",
                  "err": {},
                  "uuid": "b4a7d258-f61e-4294-940d-ca8151d12c46",
                  "parentUUID": "06ab0541-aa05-4e60-ac84-8f9a6c07c304",
                  "isHook": false,
                  "skipped": false
                },
                {
                  "title": "GET /admin should return 404",
                  "fullTitle": "Routes Route Not Found GET /admin should return 404",
                  "timedOut": false,
                  "duration": 2,
                  "state": "passed",
                  "speed": "fast",
                  "pass": true,
                  "fail": false,
                  "pending": false,
                  "context": null,
                  "code": "await request(app)\n  .get('/admin')\n  .expect(404);",
                  "err": {},
                  "uuid": "49743d9e-7c62-46eb-b90f-8238f4858bb1",
                  "parentUUID": "06ab0541-aa05-4e60-ac84-8f9a6c07c304",
                  "isHook": false,
                  "skipped": false
                }
              ],
              "suites": [],
              "passes": [
                "9abb9f86-d696-4401-9f79-b48229a69a25",
                "b4a7d258-f61e-4294-940d-ca8151d12c46",
                "49743d9e-7c62-46eb-b90f-8238f4858bb1"
              ],
              "failures": [],
              "pending": [],
              "skipped": [],
              "duration": 4,
              "root": false,
              "rootEmpty": false,
              "_timeout": 5000
            }
          ],
          "passes": [],
          "failures": [],
          "pending": [],
          "skipped": [],
          "duration": 0,
          "root": false,
          "rootEmpty": false,
          "_timeout": 5000
        }
      ],
      "passes": [],
      "failures": [],
      "pending": [],
      "skipped": [],
      "duration": 0,
      "root": true,
      "rootEmpty": true,
      "_timeout": 5000
    }
  ],
  "meta": {
    "mocha": {
      "version": "10.8.2"
    },
    "mochawesome": {
      "options": {
        "quiet": false,
        "reportFilename": "test-report.html",
        "saveHtml": true,
        "saveJson": true,
        "consoleReporter": "spec",
        "useInlineDiffs": false,
        "code": true
      },
      "version": "7.1.4"
    },
    "marge": {
      "options": {
        "reportDir": "reports",
        "reportFilename": "test-report.html",
        "json": "true"
      },
      "version": "6.3.2"
    }
  }
}